2024-01-11 23:32:18.810 INFO [Thread-1569:c.a.n.c.naming] com.alibaba.nacos.client.naming.cache.ServiceInfoHolder do shutdown begin
2024-01-11 23:32:18.810 INFO [Thread-1569:c.a.n.c.naming] com.alibaba.nacos.client.naming.backups.FailoverReactor do shutdown begin
2024-01-11 23:32:18.813 INFO [Thread-1569:c.a.n.c.naming] com.alibaba.nacos.client.naming.backups.FailoverReactor do shutdown stop
2024-01-11 23:32:18.813 INFO [Thread-1569:c.a.n.c.naming] com.alibaba.nacos.client.naming.cache.ServiceInfoHolder do shutdown stop
2024-01-11 23:32:18.813 INFO [Thread-1569:c.a.n.c.naming] com.alibaba.nacos.client.naming.remote.NamingClientProxyDelegate do shutdown begin
2024-01-11 23:32:18.813 INFO [Thread-1569:c.a.n.c.naming] com.alibaba.nacos.client.naming.core.ServiceInfoUpdateService do shutdown begin
2024-01-11 23:32:18.813 INFO [Thread-1569:c.a.n.c.naming] com.alibaba.nacos.client.naming.core.ServiceInfoUpdateService do shutdown stop
2024-01-11 23:32:18.813 INFO [Thread-1569:c.a.n.c.naming] com.alibaba.nacos.client.naming.core.ServerListManager do shutdown begin
2024-01-11 23:32:18.813 WARN [Thread-1569:c.a.n.c.naming] [NamingHttpClientManager] Start destroying NacosRestTemplate
2024-01-11 23:32:18.813 WARN [Thread-1569:c.a.n.c.naming] [NamingHttpClientManager] Destruction of the end
2024-01-11 23:32:18.813 INFO [Thread-1569:c.a.n.c.naming] com.alibaba.nacos.client.naming.core.ServerListManager do shutdown stop
2024-01-11 23:32:18.813 INFO [Thread-1569:c.a.n.c.naming] com.alibaba.nacos.client.naming.remote.http.NamingHttpClientProxy do shutdown begin
2024-01-11 23:32:18.813 WARN [Thread-1569:c.a.n.c.naming] [NamingHttpClientManager] Start destroying NacosRestTemplate
2024-01-11 23:32:18.813 WARN [Thread-1569:c.a.n.c.naming] [NamingHttpClientManager] Destruction of the end
2024-01-11 23:32:18.813 INFO [Thread-1569:c.a.n.c.naming] com.alibaba.nacos.client.naming.remote.http.NamingHttpClientProxy do shutdown stop
2024-01-11 23:32:18.819 INFO [Thread-1569:c.a.n.c.naming] Shutdown grpc redo service executor java.util.concurrent.ScheduledThreadPoolExecutor@4eef51e7[Running, pool size = 1, active threads = 0, queued tasks = 1, completed tasks = 10]
2024-01-11 23:32:18.819 INFO [Thread-1569:c.a.n.c.naming] com.alibaba.nacos.client.naming.remote.NamingClientProxyDelegate do shutdown stop
2024-01-11 23:32:18.852 INFO [Thread-1569:c.a.n.c.naming] com.alibaba.nacos.client.naming.cache.ServiceInfoHolder do shutdown begin
2024-01-11 23:32:18.853 INFO [Thread-1569:c.a.n.c.naming] com.alibaba.nacos.client.naming.backups.FailoverReactor do shutdown begin
2024-01-11 23:32:18.854 INFO [Thread-1569:c.a.n.c.naming] com.alibaba.nacos.client.naming.backups.FailoverReactor do shutdown stop
2024-01-11 23:32:18.854 INFO [Thread-1569:c.a.n.c.naming] com.alibaba.nacos.client.naming.cache.ServiceInfoHolder do shutdown stop
2024-01-11 23:32:18.854 INFO [Thread-1569:c.a.n.c.naming] com.alibaba.nacos.client.naming.remote.NamingClientProxyDelegate do shutdown begin
2024-01-11 23:32:18.854 INFO [Thread-1569:c.a.n.c.naming] com.alibaba.nacos.client.naming.core.ServiceInfoUpdateService do shutdown begin
2024-01-11 23:32:18.854 INFO [Thread-1569:c.a.n.c.naming] com.alibaba.nacos.client.naming.core.ServiceInfoUpdateService do shutdown stop
2024-01-11 23:32:18.854 INFO [Thread-1569:c.a.n.c.naming] com.alibaba.nacos.client.naming.core.ServerListManager do shutdown begin
2024-01-11 23:32:18.854 WARN [Thread-1569:c.a.n.c.naming] [NamingHttpClientManager] Start destroying NacosRestTemplate
2024-01-11 23:32:18.854 WARN [Thread-1569:c.a.n.c.naming] [NamingHttpClientManager] Destruction of the end
2024-01-11 23:32:18.854 INFO [Thread-1569:c.a.n.c.naming] com.alibaba.nacos.client.naming.core.ServerListManager do shutdown stop
2024-01-11 23:32:18.854 INFO [Thread-1569:c.a.n.c.naming] com.alibaba.nacos.client.naming.remote.http.NamingHttpClientProxy do shutdown begin
2024-01-11 23:32:18.854 WARN [Thread-1569:c.a.n.c.naming] [NamingHttpClientManager] Start destroying NacosRestTemplate
2024-01-11 23:32:18.854 WARN [Thread-1569:c.a.n.c.naming] [NamingHttpClientManager] Destruction of the end
2024-01-11 23:32:18.854 INFO [Thread-1569:c.a.n.c.naming] com.alibaba.nacos.client.naming.remote.http.NamingHttpClientProxy do shutdown stop
2024-01-11 23:32:18.855 INFO [Thread-1569:c.a.n.c.naming] Shutdown grpc redo service executor java.util.concurrent.ScheduledThreadPoolExecutor@76e771df[Running, pool size = 1, active threads = 0, queued tasks = 1, completed tasks = 10]
2024-01-11 23:32:18.855 INFO [Thread-1569:c.a.n.c.naming] com.alibaba.nacos.client.naming.remote.NamingClientProxyDelegate do shutdown stop
2024-01-11 23:32:18.901 INFO [Thread-1569:c.a.n.c.naming] [DEREGISTER-SERVICE] public deregistering service api-gateway with instance: Instance{instanceId='null', ip='192.168.1.101', port=8082, weight=1.0, healthy=true, enabled=true, ephemeral=true, clusterName='DEFAULT', serviceName='null', metadata={}}
2024-01-11 23:32:18.928 INFO [Thread-1569:c.a.n.c.naming] com.alibaba.nacos.client.naming.cache.ServiceInfoHolder do shutdown begin
2024-01-11 23:32:18.928 INFO [Thread-1569:c.a.n.c.naming] com.alibaba.nacos.client.naming.backups.FailoverReactor do shutdown begin
2024-01-11 23:32:18.928 INFO [Thread-1569:c.a.n.c.naming] com.alibaba.nacos.client.naming.backups.FailoverReactor do shutdown stop
2024-01-11 23:32:18.928 INFO [Thread-1569:c.a.n.c.naming] com.alibaba.nacos.client.naming.cache.ServiceInfoHolder do shutdown stop
2024-01-11 23:32:18.928 INFO [Thread-1569:c.a.n.c.naming] com.alibaba.nacos.client.naming.remote.NamingClientProxyDelegate do shutdown begin
2024-01-11 23:32:18.928 INFO [Thread-1569:c.a.n.c.naming] com.alibaba.nacos.client.naming.core.ServiceInfoUpdateService do shutdown begin
2024-01-11 23:32:18.929 INFO [Thread-1569:c.a.n.c.naming] com.alibaba.nacos.client.naming.core.ServiceInfoUpdateService do shutdown stop
2024-01-11 23:32:18.929 INFO [Thread-1569:c.a.n.c.naming] com.alibaba.nacos.client.naming.core.ServerListManager do shutdown begin
2024-01-11 23:32:18.929 WARN [Thread-1569:c.a.n.c.naming] [NamingHttpClientManager] Start destroying NacosRestTemplate
2024-01-11 23:32:18.929 WARN [Thread-1569:c.a.n.c.naming] [NamingHttpClientManager] Destruction of the end
2024-01-11 23:32:18.929 INFO [Thread-1569:c.a.n.c.naming] com.alibaba.nacos.client.naming.core.ServerListManager do shutdown stop
2024-01-11 23:32:18.929 INFO [Thread-1569:c.a.n.c.naming] com.alibaba.nacos.client.naming.remote.http.NamingHttpClientProxy do shutdown begin
2024-01-11 23:32:18.929 WARN [Thread-1569:c.a.n.c.naming] [NamingHttpClientManager] Start destroying NacosRestTemplate
2024-01-11 23:32:18.929 WARN [Thread-1569:c.a.n.c.naming] [NamingHttpClientManager] Destruction of the end
2024-01-11 23:32:18.929 INFO [Thread-1569:c.a.n.c.naming] com.alibaba.nacos.client.naming.remote.http.NamingHttpClientProxy do shutdown stop
2024-01-11 23:32:18.929 INFO [Thread-1569:c.a.n.c.naming] Shutdown grpc redo service executor java.util.concurrent.ScheduledThreadPoolExecutor@310e8af4[Running, pool size = 1, active threads = 0, queued tasks = 1, completed tasks = 11]
2024-01-11 23:32:18.930 INFO [Thread-1569:c.a.n.c.naming] com.alibaba.nacos.client.naming.remote.NamingClientProxyDelegate do shutdown stop
